2014.12.27 15:58:11 Todo vullmann Z_90100 COMP 
2014.12.27 16:48:03 Status vullmann DebrisBlatt SHD 0
2014.12.27 16:48:21 Status vullmann DebrisBlatt SHD 0.5
2015.01.05 12:24:41 Todo jweiss A_02400 COMP 
2015.01.05 14:20:22 Todo jweiss E_18100 COMP 
2015.01.05 14:27:44 Todo jweiss E_18100 COMP 
2015.01.05 17:58:17 Todo mlapp A_00200 COMP 
2014.12.27 15:49:07 Todo vullmann Z_90100 COMP 
2015.01.06 10:16:11 Status mlapp A_01200 COMP 0.5
2015.01.06 10:16:14 Status mlapp A_01200 LIGHT 0.5
2015.01.06 10:16:24 Status mlapp A_00700 LIGHT 0.5
2015.01.06 10:16:43 Status mlapp A_00500 LIGHT 1
2015.01.06 10:16:48 Status mlapp A_00700 LIGHT 1
2015.01.06 10:16:52 Status mlapp A_01200 LIGHT 1
2015.01.06 10:17:04 Status mlapp A_01200 ANIM 1
2015.01.06 15:59:32 Status jweiss E_18200 TRACK 
2015.01.06 17:35:48 Todo mlapp A_00200 COMP 
2015.01.06 17:36:22 Todo mlapp A_00200 COMP 
2015.01.06 17:38:41 Todo mlapp A_00200 COMP 
2015.01.06 17:39:09 Todo mlapp A_00200 COMP 
2015.01.06 17:42:18 Todo mlapp A_00200 COMP 
2015.01.07 10:25:43 Todo mlapp A_00200 COMP 
2015.01.07 11:45:31 Todo jweiss A_00100 COMP 
2015.01.07 11:50:10 Todo jweiss A_00100 COMP 
2015.01.07 11:55:22 Todo jweiss A_00100 COMP 
2015.01.07 14:44:41 Status ffricke Lichtung TEX 0.5
2015.01.07 14:47:49 Status ffricke E_18100 SIM 0.5
2015.01.07 15:05:43 Status cschroeter A_00200 COMP 0.5
2015.01.07 15:05:45 Status cschroeter A_00200 LIGHT 0.5
2015.01.07 15:25:09 Todo jweiss A_00100 COMP 
2015.01.07 15:25:21 Todo jweiss A_00100 COMP 
2015.01.07 17:25:48 Todo mlapp A_00100 COMP 
2015.01.07 17:40:53 Status vullmann Z_90100 COMP 1
2015.01.07 17:47:14 Status vullmann Z_90200 COMP 1
2015.01.07 17:47:42 Status vullmann Z_90200 COMP 0
2015.01.07 17:47:44 Status vullmann Z_90200 COMP 1
2015.01.07 17:48:27 Status vullmann Z_90200 COMP 0
2015.01.07 17:48:30 Status vullmann Z_90200 COMP 0.5
2015.01.07 17:49:08 Status vullmann Z_90200 COMP 1
2015.01.07 17:49:47 Status vullmann Z_90100 LIGHT 1
2015.01.07 21:41:01 Status ffricke TopshotEsma GEO 0.5
2015.01.07 22:45:48 Status jweiss E_18700 TRACK 1
2015.01.07 22:45:50 Status jweiss E_18800 TRACK 0.5
2015.01.08 00:05:58 Status plames D_13110 COMP 0.5
2015.01.08 01:49:57 Status jweiss A_04410 COMP 0.5
2015.01.08 11:25:21 Status mlapp A_00100 LIGHT 0.5
2015.01.08 11:52:08 Todo mlapp A_02400 COMP 
2015.01.08 13:12:43 Todo jweiss A_01200 COMP 
2015.01.08 13:12:56 Todo jweiss A_02400 COMP 
2015.01.08 13:13:33 Todo jweiss A_04600 COMP 
2015.01.08 13:13:50 Todo jweiss E_18100 ANIM 
2015.01.08 13:13:58 Todo jweiss E_18500 ANIM 
2015.01.08 20:30:20 Status vullmann Z_90200 COMP 0.5
2015.01.08 20:30:21 Status vullmann Z_90200 LIGHT 0.5
2015.01.08 20:30:23 Status vullmann Z_90200 SFS 0.5
2015.01.08 20:30:24 Status vullmann Z_90200 ANIM 0.5
2015.01.08 20:30:26 Status vullmann Z_90200 3D 0.5
2015.01.08 20:30:27 Status vullmann Z_90200 MATTEPAINT 0.5
2015.01.08 20:30:28 Status vullmann Z_90200 TRACK 0.5
2015.01.08 20:31:04 Status vullmann Z_90200 TRACK 0.5
2015.01.08 20:31:24 Status vullmann Z_90200 TRACK 0
2015.01.08 20:32:03 Status vullmann Z_90200 TRACK 0.5
2015.01.08 20:34:03 Status vullmann Z_90200 SIM 0.75
2015.01.08 20:38:44 Status vullmann Z_90200 SIM 0.75
2015.01.08 21:05:20 Status jweiss Z_90200 SIM 1
2015.01.08 21:05:22 Status jweiss Z_90200 SIM 0.75
2015.01.08 23:13:41 Status vullmann Z_90100 COMP 0.75
2015.01.08 23:32:36 Status vullmann Z_90100 3D 0.75
2015.01.08 23:32:38 Status vullmann Z_90100 ANIM 0.75
2015.01.08 23:32:53 Status vullmann Z_90100 COMP 0
2015.01.08 23:35:02 Status vullmann Z_90100 TRACK 1
2015.01.08 23:38:10 Status vullmann E_18400 3D 1
2015.01.08 23:38:27 Status vullmann E_18400 3D 0
2015.01.08 23:38:35 Status vullmann E_18400 3D 0.5
2015.01.08 23:43:08 Status vullmann Z_90100 SIM 0.5
2015.01.08 23:59:14 Status vullmann Z_90100 TRACK 0.75
2015.01.08 23:59:18 Status vullmann Z_90100 MATTEPAINT 0.75
2015.01.08 23:59:41 Status vullmann Z_90100 SIM 0.75
2015.01.09 02:59:36 Status vullmann Z_90100 SFS 0.75
2015.01.09 02:59:48 Status vullmann Z_90100 COMP 0.75
2015.01.09 03:01:59 Status vullmann Z_90100 COMP 0.75
2015.01.09 03:02:03 Status vullmann Z_90100 COMP 1
2015.01.09 03:03:34 Status vullmann Z_90100 COMP 0
2015.01.09 03:03:43 Status vullmann Z_90100 COMP 0.75
2015.01.09 03:04:53 Status vullmann Z_90100 LIGHT 0
2015.01.09 03:04:55 Status vullmann Z_90100 LIGHT 0.75
2015.01.09 03:05:22 Status vullmann Z_90100 COMP 0
2015.01.09 14:22:36 Status cschroeter E_18200 COMP 0.5
2015.01.09 14:23:28 Status cschroeter E_18100 COMP 0.5
2015.01.09 15:32:19 Status vullmann Z_90100 COMP 0.75
2015.01.09 15:32:31 Status mlapp A_04710 COMP 0
2015.01.09 15:32:41 Status mlapp E_18100 ANIM 0.5
2015.01.09 15:55:19 Status vullmann Z_90100 TRACK 0
2015.01.09 15:55:22 Status vullmann Z_90100 MATTEPAINT 0
2015.01.09 15:55:28 Status vullmann Z_90100 SIM 1
2015.01.09 15:55:24 Status vullmann Z_90100 3D 0
2015.01.09 15:55:26 Status vullmann Z_90100 ANIM 0.75
2015.01.09 15:55:29 Status vullmann Z_90100 SFS 1
2015.01.09 15:55:36 Status vullmann Z_90100 LIGHT 1
2015.01.09 15:55:33 Status vullmann Z_90100 ANIM 0.5
2015.01.09 15:55:35 Status vullmann Z_90100 SIM 0.5
2015.01.09 16:58:49 Todo jweiss E_18100 ANIM 
2015.01.09 16:58:56 Todo jweiss E_18100 ANIM 
2015.01.09 17:07:29 Todo jweiss E_18100 ANIM 
2015.01.09 17:08:15 Todo jweiss E_18100 ANIM 
2015.01.09 17:09:55 Todo jweiss E_18100 ANIM 
2015.01.09 17:10:24 Todo jweiss E_18100 ANIM 
2015.01.09 17:11:01 Todo jweiss E_18100 ANIM 
2015.01.09 17:11:52 Todo jweiss E_18100 ANIM 
2015.01.09 17:12:28 Todo jweiss E_18100 ANIM 
2015.01.09 17:13:01 Todo jweiss E_18100 ANIM 
2015.01.09 17:14:20 Todo jweiss E_18100 ANIM 
2015.01.09 17:14:31 Todo jweiss E_18100 ANIM 
2015.01.09 17:14:41 Todo jweiss E_18100 ANIM 
2015.01.09 17:15:31 Todo jweiss E_18100 ANIM 
2015.01.09 17:15:42 Todo jweiss E_18100 ANIM 
2015.01.09 17:16:02 Todo jweiss E_18100 ANIM 
2015.01.09 17:16:17 Todo jweiss E_18100 ANIM 
2015.01.09 17:16:44 Todo jweiss E_18100 ANIM 
2015.01.09 17:16:57 Todo jweiss E_18100 ANIM 
2015.01.09 17:18:21 Todo jweiss E_18100 ANIM 
2015.01.09 17:18:25 Todo jweiss E_18100 ANIM 
2015.01.09 17:19:14 Todo jweiss E_18100 ANIM 
2015.01.09 17:21:14 Status jweiss A_04710 COMP 0.5
2015.01.09 17:23:20 Todo jweiss A_04710 COMP 
2015.01.09 17:23:34 Todo jweiss A_04710 COMP 
2015.01.09 17:41:06 Status jweiss A_01200 TRACK 
2015.01.09 17:41:10 Status jweiss A_01200 TRACK 1
2015.01.09 20:07:10 Todo jweiss E_18100 ANIM 
2015.01.11 20:55:31 Status ffricke E_18400 SIM 0.5
2015.01.12 11:40:36 Todo mlapp E_18100 ANIM 
2015.01.12 11:40:50 Todo mlapp E_18100 ANIM 
2015.01.12 11:49:12 Todo mlapp E_18100 ANIM 
2015.01.12 11:52:22 Todo mlapp E_18100 ANIM 
2015.01.12 13:39:36 Todo mlapp E_18100 ANIM 
2015.01.12 14:17:57 Todo jweiss E_18100 COMP 
2015.01.12 14:18:08 Todo jweiss E_18100 COMP 
2015.01.12 14:37:28 Todo jweiss A_00600 COMP 
2015.01.12 14:38:47 Todo jweiss A_00500 COMP 
2015.01.12 16:43:53 Todo jweiss E_18100 ANIM 
2015.01.12 16:45:08 Todo jweiss E_18100 ANIM 
2015.01.12 16:45:26 Todo jweiss E_18100 ANIM 
2015.01.12 16:47:03 Todo jweiss E_18100 ANIM 
2015.01.12 16:47:53 Todo jweiss E_18100 ANIM 
2015.01.12 16:48:11 Todo jweiss E_18100 ANIM 
2015.01.12 16:48:25 Todo jweiss E_18100 ANIM 
2015.01.12 16:48:43 Todo jweiss E_18100 ANIM 
2015.01.12 16:49:00 Todo jweiss E_18100 ANIM 
2015.01.12 16:49:55 Todo jweiss E_18100 ANIM 
2015.01.12 16:50:09 Todo jweiss E_18100 ANIM 
2015.01.12 16:50:48 Todo jweiss E_18100 ANIM 
2015.01.12 16:50:53 Todo jweiss E_18100 ANIM 
2015.01.12 16:53:56 Todo jweiss E_18100 ANIM 
2015.01.12 16:55:21 Todo jweiss E_18100 ANIM 
2015.01.12 17:00:35 Todo mlapp E_18100 ANIM 
2015.01.12 17:07:53 Todo mlapp E_18100 ANIM 
2015.01.12 17:10:49 Todo mlapp E_18100 ANIM 
2015.01.12 17:14:43 Todo mlapp E_18100 ANIM 
2015.01.12 17:15:34 Todo mlapp E_18100 ANIM 
2015.01.12 17:16:57 Todo mlapp E_18100 ANIM 
2015.01.12 17:18:01 Todo mlapp E_18100 ANIM 
2015.01.12 17:23:02 Todo mlapp E_18100 ANIM 
2015.01.12 17:42:28 Todo mlapp E_18100 ANIM 
2015.01.12 17:46:11 Todo mlapp E_18100 ANIM 
2015.01.12 18:11:28 Todo mlapp E_18100 ANIM 
2015.01.12 21:53:51 Todo jweiss A_00100 COMP 
2015.01.12 22:02:44 Todo jweiss A_00700 COMP 
2015.01.12 22:05:38 Todo jweiss A_01200 COMP 
2015.01.12 22:06:43 Todo jweiss A_02400 COMP 
2015.01.12 22:07:35 Todo jweiss A_02600 COMP 
2015.01.12 22:08:33 Todo jweiss A_04410 COMP 
2015.01.12 22:09:00 Todo jweiss A_04410 COMP 
2015.01.12 22:13:04 Todo jweiss A_04710 COMP 
2015.01.12 22:14:59 Todo jweiss A_00100 COMP 
2015.01.12 22:15:15 Todo jweiss A_00200 COMP 
2015.01.12 22:15:21 Todo jweiss A_00100 COMP 
2015.01.12 22:15:57 Todo jweiss A_00300 COMP 
2015.01.12 22:16:44 Todo jweiss A_00500 COMP 
2015.01.12 22:17:03 Todo jweiss A_00600 COMP 
2015.01.12 22:17:17 Todo jweiss A_01200 COMP 
2015.01.13 01:33:38 Todo vullmann A_02200 COMP 
2015.01.12 22:17:56 Status jweiss A_02200 COMP 
2015.01.12 22:35:24 Todo jweiss A_00700 COMP 
2015.01.13 00:56:17 Todo jweiss A_00100 COMP 
2015.01.13 00:58:24 Todo jweiss A_00100 COMP 
2015.01.13 01:00:22 Todo jweiss A_00100 COMP 
2015.01.13 01:00:40 Todo jweiss A_00100 COMP 
2015.01.13 01:01:12 Todo jweiss A_00100 COMP 
2015.01.13 01:02:42 Todo jweiss A_00100 COMP 
2015.01.13 01:03:05 Todo jweiss A_00100 COMP 
2015.01.13 01:04:09 Todo jweiss A_00200 COMP 
2015.01.13 01:04:32 Todo jweiss A_00200 COMP 
2015.01.13 01:04:54 Todo jweiss A_00200 COMP 
2015.01.13 01:05:27 Todo jweiss A_00200 COMP 
2015.01.13 01:06:15 Todo jweiss A_00600 COMP 
2015.01.13 01:06:38 Todo jweiss A_00300 COMP 
2015.01.13 01:07:31 Todo jweiss A_00300 COMP 
2015.01.13 01:07:43 Todo jweiss A_00500 COMP 
2015.01.13 01:07:48 Todo jweiss A_00500 COMP 
2015.01.13 01:08:14 Todo jweiss A_00500 COMP 
2015.01.13 01:08:20 Todo jweiss A_00600 COMP 
2015.01.13 01:09:22 Todo jweiss A_00600 COMP 
2015.01.13 01:09:29 Status jweiss A_00100 COMP 0.75
2015.01.13 01:09:34 Status jweiss A_00100 COMP 0.5
2015.01.13 01:10:26 Todo jweiss A_00700 COMP 
2015.01.13 01:11:00 Todo jweiss A_00700 COMP 
2015.01.13 01:16:03 Todo jweiss A_00700 COMP 
2015.01.13 01:18:10 Todo jweiss A_01200 COMP 
2015.01.13 01:24:01 Todo jweiss A_02400 COMP 
2015.01.13 01:24:21 Todo jweiss A_02600 COMP 
2015.01.13 01:24:46 Todo jweiss A_04600 COMP 
2015.01.13 01:24:55 Todo jweiss A_04600 COMP 
2015.01.13 01:26:33 Todo jweiss A_04710 COMP 
2015.01.13 01:34:59 Status vullmann A_02200 COMP 
2015.01.13 02:04:33 Status jweiss A_02200 COMP 
2015.01.13 02:04:58 Todo jweiss A_04600 COMP 
2015.01.13 11:02:00 Todo mlapp A_00200 COMP 
2015.01.13 11:03:39 Todo mlapp A_00500 COMP 
2015.01.13 11:05:35 Todo mlapp A_00700 COMP 
2015.01.13 11:08:03 Todo mlapp A_02600 COMP 
2015.01.13 11:09:13 Todo mlapp A_04710 COMP 
2015.01.13 11:10:58 Todo mlapp A_04710 COMP 
2015.01.13 11:31:48 Todo mlapp A_00100 COMP 
2015.01.13 11:50:12 Todo mlapp A_00100 COMP 
2015.01.13 12:46:25 Todo mlapp A_00100 COMP 
2015.01.13 12:55:35 Todo mlapp A_00100 COMP 
2015.01.13 13:03:01 Todo mlapp A_00100 COMP 
2015.01.13 13:12:45 Todo mlapp A_00100 COMP 
2015.01.13 14:28:28 Todo mlapp A_00200 COMP 
2015.01.13 14:42:31 Todo mlapp A_00200 COMP 
2015.01.13 15:00:31 Todo mlapp A_00500 COMP 
2015.01.13 15:02:24 Todo mlapp A_00600 COMP 
2015.01.13 15:02:33 Todo mlapp A_00500 COMP 
2015.01.13 15:02:40 Status mlapp A_00300 COMP 0.75
2015.01.13 15:02:44 Status mlapp A_00200 COMP 0.75
2015.01.13 15:02:46 Status mlapp A_00100 COMP 0.75
2015.01.13 15:03:05 Status mlapp A_00100 COMP 0.5
2015.01.13 15:03:22 Status mlapp A_00500 COMP 0.75
2015.01.13 15:03:29 Status mlapp A_00600 COMP 0.75
2015.01.13 15:35:43 Todo jweiss C_07900 COMP 
2015.01.13 15:36:47 Todo jweiss A_02100 COMP 
2015.01.13 15:38:04 Todo jweiss A_04500 COMP 
2015.01.13 15:38:46 Todo jweiss A_04600 COMP 
2015.01.13 15:42:32 Todo jweiss C_08800 COMP 
2015.01.13 15:46:19 Todo jweiss F_20500 COMP 
2015.01.13 15:46:55 Todo jweiss F_23330 COMP 
2015.01.13 15:54:56 Todo mlapp A_00700 COMP 
2015.01.13 16:24:09 Todo mlapp A_00700 COMP 
2015.01.13 16:24:45 Todo mlapp A_00700 COMP 
2015.01.13 16:34:48 Todo mlapp A_00700 COMP 
2015.01.13 16:51:03 Todo jweiss A_00100 COMP 
2015.01.13 17:50:07 Todo mlapp A_02400 COMP 
2015.01.13 17:57:40 Status vullmann Z_90100 COMP 0.75
2015.01.13 17:57:42 Status vullmann Z_90100 COMP 1
2015.01.13 17:57:47 Status vullmann Z_90100 COMP 
2015.01.13 17:57:49 Status vullmann Z_90100 COMP 0
2015.01.13 18:27:38 Todo mlapp A_04710 COMP 
2015.01.13 18:45:54 Status vullmann Z_90100 TRACK 0.75
2015.01.13 18:45:56 Status vullmann Z_90100 MATTEPAINT 0.75
2015.01.13 18:45:58 Status vullmann Z_90100 3D 0.75
2015.01.13 18:45:59 Status vullmann Z_90100 ANIM 0.75
2015.01.13 18:46:03 Status vullmann Z_90100 LIGHT 0.75
2015.01.13 18:46:00 Status vullmann Z_90100 SIM 0.75
2015.01.13 18:46:01 Status vullmann Z_90100 SFS 0.75
2015.01.13 18:46:04 Status vullmann Z_90100 SLAPCOMP 0.75
2015.01.13 18:46:05 Status vullmann Z_90100 COMP 0.75
2015.01.13 18:46:12 Status vullmann Z_90100 SIM 0
2015.01.13 18:46:13 Status vullmann Z_90100 SFS 0
2015.01.13 18:46:15 Status jweiss Z_90100 ANIM 0.75
2015.01.13 18:46:18 Status jweiss Z_90100 LIGHT 0.5
2015.01.13 18:46:21 Status jweiss Z_90100 ANIM 
2015.01.13 18:46:24 Status jweiss Z_90100 MATTEPAINT 0.5
2015.01.13 18:46:16 Status jweiss Z_90100 SIM 1
2015.01.13 18:46:19 Status jweiss Z_90100 SFS 0
2015.01.13 18:46:22 Status jweiss Z_90100 3D 1
2015.01.13 18:46:37 Status vullmann A_00100 COMP 0.5
2015.01.13 18:46:30 Status jweiss A_00100 COMP 0.75
2015.01.13 18:47:16 Todo mlapp A_04600 COMP 
2015.01.13 18:47:32 Todo mlapp A_00100 COMP 
2015.01.13 18:47:38 Todo mlapp A_00200 COMP 
2015.01.13 18:47:41 Todo mlapp A_00300 COMP 
2015.01.13 18:47:45 Todo mlapp A_00500 COMP 
2015.01.13 18:48:08 Todo mlapp A_00700 COMP 
2015.01.13 18:48:21 Todo mlapp A_02600 COMP 
2015.01.13 19:04:24 Status plames A_00100 COMP 0.75
2015.01.13 19:05:10 Status jweiss A_00100 COMP 0.5
2015.01.14 02:16:18 Todo jweiss A_00100 COMP 
2015.01.14 09:39:46 Status jweiss A_00200 COMP 1
2015.01.14 09:41:02 Status jweiss A_00300 COMP 1
2015.01.14 09:41:57 Todo jweiss A_00500 COMP 
2015.01.14 09:42:01 Status jweiss A_00500 COMP 1
2015.01.14 09:42:14 Todo jweiss A_00600 COMP 
2015.01.14 09:42:18 Status jweiss A_00600 COMP 1
2015.01.14 09:42:28 Status jweiss A_00700 COMP 1
2015.01.14 09:42:33 Todo jweiss A_00700 COMP 
2015.01.14 09:46:45 Todo jweiss A_01200 COMP 
2015.01.14 09:48:59 Todo jweiss A_02400 COMP 
2015.01.14 09:49:13 Todo jweiss A_02400 COMP 
2015.01.14 09:49:47 Status jweiss A_02600 COMP 1
2015.01.14 09:52:04 Todo jweiss A_04600 COMP 
2015.01.14 09:54:59 Todo jweiss A_04710 COMP 
2015.01.14 09:55:08 Todo jweiss A_04600 COMP 
2015.01.14 10:20:36 Todo jweiss A_04300 COMP 
2015.01.14 10:20:51 Todo jweiss A_04300 COMP 
2015.01.14 10:21:04 Todo jweiss C_07900 COMP 
2015.01.14 10:25:06 Status jweiss F_24300 MATTEPAINT 
2015.01.14 11:20:11 Status jweiss C_07820 COMP 0
2015.01.14 11:20:24 Todo jweiss C_07820 COMP 
2015.01.14 11:21:39 Todo jweiss C_07820 COMP 
2015.01.14 11:23:51 Todo jweiss F_23330 COMP 
2015.01.14 11:49:30 Todo tmueller C_08800 COMP 
2015.01.14 12:27:02 Todo tmueller E_16100 COMP 
2015.01.14 13:20:16 Status jweiss A_00700 COMP 0.5
2015.01.14 13:20:26 Todo jweiss A_00700 COMP 
2015.01.14 13:31:13 Todo jweiss A_01200 COMP 
2015.01.14 13:34:05 Todo jweiss A_01200 COMP 
2015.01.14 13:41:55 Todo jweiss A_02400 COMP 
2015.01.14 13:42:04 Status jweiss A_04600 COMP 1
2015.01.14 13:42:09 Status jweiss A_04710 COMP 1
2015.01.14 13:42:13 Todo jweiss A_04710 COMP 
2015.01.14 13:42:42 Status jweiss A_00100 ANIM 1
2015.01.14 13:42:44 Status jweiss A_00100 LIGHT 1
2015.01.14 13:42:47 Status jweiss A_00200 LIGHT 1
2015.01.14 13:42:49 Status jweiss A_00100 COMP 1
2015.01.14 13:43:41 Status jweiss E_18100 ANIM 1
2015.01.14 13:50:13 Todo jweiss E_18100 COMP 
2015.01.14 13:51:39 Status jweiss E_18300 TRACK 1
2015.01.14 13:51:56 Todo jweiss E_18300 TRACK 
2015.01.14 13:53:19 Status jweiss E_18700 TRACK 0.5
2015.01.14 16:39:03 Todo jweiss A_00700 COMP 
2015.01.14 16:39:06 Status jweiss A_00700 COMP 1
2015.01.14 16:40:07 Status jweiss A_01200 COMP 1
2015.01.14 16:40:53 Status jweiss A_02400 COMP 1
2015.01.14 20:00:58 Status mlapp Z_90200 TRACK 0.75
2015.01.14 20:01:00 Status mlapp Z_90200 MATTEPAINT 0.75
2015.01.14 20:01:02 Status mlapp Z_90200 3D 0.75
2015.01.14 20:01:08 Status mlapp Z_90200 COMP 0.75
2015.01.14 20:01:03 Status mlapp Z_90200 ANIM 0.75
2015.01.14 20:01:04 Status mlapp Z_90200 SFS 0.75
2015.01.14 20:01:06 Status mlapp Z_90200 LIGHT 0.75
2015.01.16 00:09:32 Todo jweiss E_18700 COMP 
2015.01.16 14:27:05 Todo jweiss E_18300 COMP 
2015.01.16 21:20:23 Status vullmann A_00100 3D 1
2015.01.16 21:20:32 Status vullmann A_00200 3D 1
2015.01.16 21:20:44 Status vullmann A_00300 3D 1
2015.01.16 21:20:46 Status vullmann A_00100 3D 0.75
2015.01.16 21:20:48 Status vullmann A_00200 3D 0.75
2015.01.16 21:20:49 Status vullmann A_00300 3D 0.75
2015.01.16 21:21:09 Status vullmann A_02400 3D 0.75
2015.01.16 21:21:41 Status vullmann A_04600 3D 0.75
2015.01.16 21:22:10 Status vullmann E_18100 3D 0.75
2015.01.16 21:23:16 Status vullmann F_27600 ANIM 0
2015.01.16 21:23:18 Status vullmann F_27600 3D 0.75
2015.01.16 21:28:01 Status jweiss A_00100 3D 1
2015.01.16 21:28:03 Status jweiss A_00200 3D 1
2015.01.16 21:28:05 Status jweiss A_00300 3D 1
2015.01.16 21:28:07 Status jweiss A_02400 3D 1
2015.01.16 21:28:08 Status jweiss A_04600 3D 1
2015.01.16 21:39:18 Status vullmann A_00200 TRACK 0.75
2015.01.17 17:52:36 Status jweiss E_18100 3D 0.5
2015.01.18 00:36:31 Status jweiss F_24510 COMP 0.5
2015.01.18 15:23:12 Todo jweiss F_23910 COMP 
2015.01.18 15:23:20 Todo jweiss F_23900 COMP 
2015.01.18 16:13:26 Todo jweiss F_24900 COMP 
2015.01.18 16:13:33 Todo jweiss F_24900 COMP 
2015.01.18 15:23:39 Todo jweiss F_23710 COMP 
2015.01.18 15:23:58 Todo jweiss F_23700 COMP 
2015.01.19 21:52:33 Status jweiss A_02100 COMP 0.75
2015.01.19 21:59:48 Status jweiss A_04300 COMP 0.75
2015.01.19 22:09:06 Status jweiss B_07300 COMP 0.75
2015.01.19 22:09:09 Status jweiss A_05000 COMP 0.75
2015.01.18 15:24:17 Todo jweiss F_23310 COMP 
2015.01.18 16:18:30 Todo jweiss F_24900 COMP 
2015.01.18 21:07:42 Todo jweiss E_18800 COMP 
2015.01.19 22:10:28 Status jweiss C_08800 COMP 0.75
2015.01.20 11:09:12 Status jweiss C_10400 COMP 0.75
2015.01.20 22:59:27 Status jweiss E_18700 COMP 0.5
2015.01.20 11:15:23 Status jweiss F_20500 COMP 0.75
2015.01.20 12:14:01 Status jweiss C_07820 COMP 1
2015.01.20 11:54:53 Status jweiss F_23330 COMP 0.75
2015.01.20 11:15:10 Status jweiss F_19000 COMP 0.75
2015.01.20 22:59:48 Status jweiss E_18800 TRACK 1
2015.01.20 22:59:45 Status jweiss E_18700 TRACK 1
2015.01.20 22:59:38 Status jweiss E_18700 SIM 0.5
2015.01.20 11:56:12 Status jweiss C_07900 COMP 0.75
2015.01.20 11:32:49 Status jweiss F_22310 COMP 0.75
2015.01.21 00:50:07 Status ffricke E_18600 SIM 0.5
2015.01.21 00:50:09 Status ffricke E_18600 3D 0.5
2015.01.22 16:47:53 Status jweiss F_27600 ANIM 0.5
2015.01.22 16:47:51 Status jweiss F_27600 3D 0.5
2015.01.22 14:11:24 Status plames E_18300 COMP 0.5
2015.01.23 21:58:53 Status vullmann F_27600 LIGHT 0.5
2015.01.24 15:28:46 Status jweiss E_18500 COMP 0.5
2015.01.24 21:35:42 Todo jweiss F_23700 COMP 
2015.01.26 15:30:07 Status tmueller E_16100 COMP 0.75
2015.01.27 15:00:33 Status jweiss E_18600 COMP 0.5
2015.01.27 18:08:31 Status jweiss F_23310 COMP 0.5
2015.01.27 21:07:37 Todo jweiss A_00100 ANIM 
2015.01.27 21:07:43 Todo jweiss A_00200 ANIM 
2015.01.27 21:08:06 Todo jweiss A_04300 ANIM 
2015.01.28 00:11:47 Status vullmann E_18400 SFS 1
2015.01.28 00:11:49 Status vullmann E_18600 SFS 1
2015.01.28 00:12:51 Status vullmann Z_90100 SFS 1
2015.01.28 00:12:53 Status vullmann Z_90200 SFS 1
2015.01.28 23:30:03 Status jweiss A_02100 COMP 0.5
2015.01.28 23:30:06 Status jweiss A_02100 COMP 0
2015.01.28 23:30:23 Status jweiss A_05000 COMP 0
2015.01.28 23:30:30 Status jweiss C_07900 COMP 0
2015.01.28 23:30:11 Status jweiss A_04410 COMP 0.75
2015.01.28 23:30:15 Status jweiss A_04300 COMP 0
2015.01.28 23:30:26 Status jweiss B_07300 COMP 0
2015.01.28 23:30:32 Status jweiss C_08800 COMP 0
2015.01.28 23:30:46 Status jweiss F_22310 COMP 0
2015.01.28 23:30:34 Status jweiss C_10400 COMP 0
2015.01.28 23:30:42 Status jweiss F_19000 COMP 0
2015.01.28 23:30:44 Status jweiss F_20500 COMP 0
2015.01.28 23:30:57 Status jweiss A_04410 COMP 0.5
2015.01.28 23:30:48 Status jweiss F_23330 COMP 0
2015.01.28 23:44:03 Todo jweiss A_04410 COMP 
2015.01.29 00:28:31 Status jweiss A_04410 COMP 1
2015.01.29 00:28:57 Todo jweiss A_04410 COMP 
2015.01.30 19:07:46 Todo jweiss E_18700 COMP 
2015.01.30 17:45:29 Todo ffricke E_18400 ANIM 
2015.01.30 17:45:42 Todo ffricke E_18400 ANIM 
2015.01.30 18:07:36 Todo jweiss E_18600 LIGHT 
2015.01.30 17:49:34 Todo ffricke E_18400 ANIM 
2015.01.30 18:08:06 Todo jweiss E_18600 LIGHT 
2015.01.30 23:32:25 Status vullmann E_18400 LIGHT 0.75
2015.01.30 23:32:23 Status vullmann E_18600 LIGHT 0.75
2015.01.30 23:32:19 Status vullmann E_18100 LIGHT 0.75
2015.01.30 18:07:41 Todo jweiss E_18600 LIGHT 
2015.01.30 17:49:19 Todo ffricke E_18400 ANIM 
2015.01.30 23:36:02 Status vullmann E_18100 LIGHT 0.5
2015.01.31 15:41:32 Status jweiss E_18800 COMP 0.5
2015.01.31 16:18:30 Status jweiss E_18800 COMP 0
2015.01.31 16:18:25 Status jweiss E_18800 COMP 0.5
2015.01.31 16:18:18 Todo vullmann E_18400 LIGHT 
2015.01.31 16:18:11 Status vullmann E_18400 LIGHT 0.5
2015.01.31 15:41:36 Status jweiss E_18800 COMP 0
2015.02.03 14:21:50 Status jweiss E_18800 COMP 0.5
2015.02.05 00:31:37 Status vullmann E_18600 LIGHT 0.75
2015.02.05 00:31:33 Status jweiss E_18600 LIGHT 0.5
2015.02.05 00:31:44 Status vullmann E_18600 LIGHT 1
2015.02.09 03:13:59 Status jweiss E_16100 COMP 0
2015.02.09 03:14:29 Todo jweiss A_04500 COMP 
2015.02.09 03:15:33 Todo jweiss F_23700 COMP 
2015.02.11 22:56:15 Todo jweiss E_18700 COMP 
2015.02.12 00:23:12 Status ffricke F_23700 SLAPCOMP 0.5
2015.02.15 00:45:39 Todo jweiss F_23720 SIM 
2015.02.15 00:47:03 Todo jweiss F_23720 SIM 
2015.02.18 16:47:46 Status jweiss F_27600 COMP 0.5
2015.02.19 17:17:52 Todo jweiss E_18700 COMP 
2015.02.19 18:21:46 Status jweiss F_23600 COMP 0.5
2015.02.19 18:22:26 Status jweiss E_18100 3D 1
2015.02.19 19:48:00 Todo jweiss F_23720 COMP 
2015.02.20 18:29:34 Status jweiss D_12510 COMP 0.5
2015.02.20 18:29:42 Status jweiss D_13300 COMP 0.5
2015.02.20 18:29:46 Status jweiss D_13400 COMP 0.5
2015.02.21 19:31:56 Status jweiss A_02100 COMP 0.5
2015.02.21 19:31:53 Status jweiss C_10400 COMP 0.5
2015.02.21 19:31:54 Status jweiss A_02100 COMP 0
2015.02.21 19:32:38 Todo jweiss E_18100 COMP 
2015.02.21 20:41:49 Todo jweiss A_04500 COMP 
2015.02.24 03:34:00 Status vullmann Z_90100 ANIM 0
2015.02.24 22:39:49 Todo jweiss F_23800 COMP 
2015.02.24 23:54:02 Status jweiss F_23900 COMP 0.5
2015.02.24 23:54:06 Status jweiss F_23910 COMP 0.5
2015.02.25 14:14:18 Status mlapp E_18500 ANIM 0.75
2015.02.25 15:06:03 Status jweiss F_23720 COMP 0.5
2015.02.25 15:06:07 Status jweiss F_23710 COMP 0.5
2015.02.25 15:06:15 Status jweiss A_00200 TRACK 1
2015.02.25 15:06:23 Status jweiss E_18500 ANIM 1
2015.02.25 23:11:25 Status jweiss A_02100 COMP 0.5
2015.02.26 16:16:23 Status ffricke E_18200 SIM 
2015.02.26 22:10:23 Status vullmann F_23720 LIGHT 0.5
2015.02.27 16:23:51 Todo jtegethoff E_18600 ANIM 
2015.02.27 15:26:16 Todo jweiss E_18600 ANIM 
2015.02.27 17:46:01 Todo jtegethoff E_18600 ANIM 
2015.02.27 17:24:25 Todo jtegethoff E_18600 ANIM 
2015.02.27 17:38:06 Todo jtegethoff E_18600 ANIM 
2015.02.27 17:17:11 Todo jtegethoff E_18600 ANIM 
2015.02.27 17:27:07 Todo jtegethoff E_18600 ANIM 
2015.02.28 22:21:36 Status jweiss A_01600 COMP 0.75
2015.02.28 22:21:37 Status jweiss A_01600 COMP 1
2015.02.28 15:28:47 Status jweiss C_07820 COMP 0.5
2015.02.28 15:28:36 Status jweiss C_07900 COMP 0.5
2015.02.28 19:10:30 Status vullmann E_18600 LIGHT 0.5
2014.12.27 15:58:11 Todo vullmann Z_90100 COMP 
2014.12.27 16:48:03 Status vullmann DebrisBlatt SHD 0
2014.12.27 16:48:21 Status vullmann DebrisBlatt SHD 0.5
2015.01.05 12:24:41 Todo jweiss A_02400 COMP 
2015.01.05 14:20:22 Todo jweiss E_18100 COMP 
2015.01.05 14:27:44 Todo jweiss E_18100 COMP 
2015.01.05 17:58:17 Todo mlapp A_00200 COMP 
2014.12.27 15:49:07 Todo vullmann Z_90100 COMP 
2015.01.06 10:16:11 Status mlapp A_01200 COMP 0.5
2015.01.06 10:16:14 Status mlapp A_01200 LIGHT 0.5
2015.01.06 10:16:24 Status mlapp A_00700 LIGHT 0.5
2015.01.06 10:16:43 Status mlapp A_00500 LIGHT 1
2015.01.06 10:16:48 Status mlapp A_00700 LIGHT 1
2015.01.06 10:16:52 Status mlapp A_01200 LIGHT 1
2015.01.06 10:17:04 Status mlapp A_01200 ANIM 1
2015.01.06 15:59:32 Status jweiss E_18200 TRACK 
2015.01.06 17:35:48 Todo mlapp A_00200 COMP 
2015.01.06 17:36:22 Todo mlapp A_00200 COMP 
2015.01.06 17:38:41 Todo mlapp A_00200 COMP 
2015.01.06 17:39:09 Todo mlapp A_00200 COMP 
2015.01.06 17:42:18 Todo mlapp A_00200 COMP 
2015.01.07 10:25:43 Todo mlapp A_00200 COMP 
2015.01.07 11:45:31 Todo jweiss A_00100 COMP 
2015.01.07 11:50:10 Todo jweiss A_00100 COMP 
2015.01.07 11:55:22 Todo jweiss A_00100 COMP 
2015.01.07 14:44:41 Status ffricke Lichtung TEX 0.5
2015.01.07 14:47:49 Status ffricke E_18100 SIM 0.5
2015.01.07 15:05:43 Status cschroeter A_00200 COMP 0.5
2015.01.07 15:05:45 Status cschroeter A_00200 LIGHT 0.5
2015.01.07 15:25:09 Todo jweiss A_00100 COMP 
2015.01.07 15:25:21 Todo jweiss A_00100 COMP 
2015.01.07 17:25:48 Todo mlapp A_00100 COMP 
2015.01.07 17:40:53 Status vullmann Z_90100 COMP 1
2015.01.07 17:47:14 Status vullmann Z_90200 COMP 1
2015.01.07 17:47:42 Status vullmann Z_90200 COMP 0
2015.01.07 17:47:44 Status vullmann Z_90200 COMP 1
2015.01.07 17:48:27 Status vullmann Z_90200 COMP 0
2015.01.07 17:48:30 Status vullmann Z_90200 COMP 0.5
2015.01.07 17:49:08 Status vullmann Z_90200 COMP 1
2015.01.07 17:49:47 Status vullmann Z_90100 LIGHT 1
2015.01.07 21:41:01 Status ffricke TopshotEsma GEO 0.5
2015.01.07 22:45:48 Status jweiss E_18700 TRACK 1
2015.01.07 22:45:50 Status jweiss E_18800 TRACK 0.5
2015.01.08 00:05:58 Status plames D_13110 COMP 0.5
2015.01.08 01:49:57 Status jweiss A_04410 COMP 0.5
2015.01.08 11:25:21 Status mlapp A_00100 LIGHT 0.5
2015.01.08 11:52:08 Todo mlapp A_02400 COMP 
2015.01.08 13:12:43 Todo jweiss A_01200 COMP 
2015.01.08 13:12:56 Todo jweiss A_02400 COMP 
2015.01.08 13:13:33 Todo jweiss A_04600 COMP 
2015.01.08 13:13:50 Todo jweiss E_18100 ANIM 
2015.01.08 13:13:58 Todo jweiss E_18500 ANIM 
2015.01.08 20:30:20 Status vullmann Z_90200 COMP 0.5
2015.01.08 20:30:21 Status vullmann Z_90200 LIGHT 0.5
2015.01.08 20:30:23 Status vullmann Z_90200 SFS 0.5
2015.01.08 20:30:24 Status vullmann Z_90200 ANIM 0.5
2015.01.08 20:30:26 Status vullmann Z_90200 3D 0.5
2015.01.08 20:30:27 Status vullmann Z_90200 MATTEPAINT 0.5
2015.01.08 20:30:28 Status vullmann Z_90200 TRACK 0.5
2015.01.08 20:31:04 Status vullmann Z_90200 TRACK 0.5
2015.01.08 20:31:24 Status vullmann Z_90200 TRACK 0
2015.01.08 20:32:03 Status vullmann Z_90200 TRACK 0.5
2015.01.08 20:34:03 Status vullmann Z_90200 SIM 0.75
2015.01.08 20:38:44 Status vullmann Z_90200 SIM 0.75
2015.01.08 21:05:20 Status jweiss Z_90200 SIM 1
2015.01.08 21:05:22 Status jweiss Z_90200 SIM 0.75
2015.01.08 23:13:41 Status vullmann Z_90100 COMP 0.75
2015.01.08 23:32:36 Status vullmann Z_90100 3D 0.75
2015.01.08 23:32:38 Status vullmann Z_90100 ANIM 0.75
2015.01.08 23:32:53 Status vullmann Z_90100 COMP 0
2015.01.08 23:35:02 Status vullmann Z_90100 TRACK 1
2015.01.08 23:38:10 Status vullmann E_18400 3D 1
2015.01.08 23:38:27 Status vullmann E_18400 3D 0
2015.01.08 23:38:35 Status vullmann E_18400 3D 0.5
2015.01.08 23:43:08 Status vullmann Z_90100 SIM 0.5
2015.01.08 23:59:14 Status vullmann Z_90100 TRACK 0.75
2015.01.08 23:59:18 Status vullmann Z_90100 MATTEPAINT 0.75
2015.01.08 23:59:41 Status vullmann Z_90100 SIM 0.75
2015.01.09 02:59:36 Status vullmann Z_90100 SFS 0.75
2015.01.09 02:59:48 Status vullmann Z_90100 COMP 0.75
2015.01.09 03:01:59 Status vullmann Z_90100 COMP 0.75
2015.01.09 03:02:03 Status vullmann Z_90100 COMP 1
2015.01.09 03:03:34 Status vullmann Z_90100 COMP 0
2015.01.09 03:03:43 Status vullmann Z_90100 COMP 0.75
2015.01.09 03:04:53 Status vullmann Z_90100 LIGHT 0
2015.01.09 03:04:55 Status vullmann Z_90100 LIGHT 0.75
2015.01.09 03:05:22 Status vullmann Z_90100 COMP 0
2015.01.09 14:22:36 Status cschroeter E_18200 COMP 0.5
2015.01.09 14:23:28 Status cschroeter E_18100 COMP 0.5
2015.01.09 15:32:19 Status vullmann Z_90100 COMP 0.75
2015.01.09 15:32:31 Status mlapp A_04710 COMP 0
2015.01.09 15:32:41 Status mlapp E_18100 ANIM 0.5
2015.01.09 15:55:19 Status vullmann Z_90100 TRACK 0
2015.01.09 15:55:22 Status vullmann Z_90100 MATTEPAINT 0
2015.01.09 15:55:28 Status vullmann Z_90100 SIM 1
2015.01.09 15:55:24 Status vullmann Z_90100 3D 0
2015.01.09 15:55:26 Status vullmann Z_90100 ANIM 0.75
2015.01.09 15:55:29 Status vullmann Z_90100 SFS 1
2015.01.09 15:55:36 Status vullmann Z_90100 LIGHT 1
2015.01.09 15:55:33 Status vullmann Z_90100 ANIM 0.5
2015.01.09 15:55:35 Status vullmann Z_90100 SIM 0.5
2015.01.09 16:58:49 Todo jweiss E_18100 ANIM 
2015.01.09 16:58:56 Todo jweiss E_18100 ANIM 
2015.01.09 17:07:29 Todo jweiss E_18100 ANIM 
2015.01.09 17:08:15 Todo jweiss E_18100 ANIM 
2015.01.09 17:09:55 Todo jweiss E_18100 ANIM 
2015.01.09 17:10:24 Todo jweiss E_18100 ANIM 
2015.01.09 17:11:01 Todo jweiss E_18100 ANIM 
2015.01.09 17:11:52 Todo jweiss E_18100 ANIM 
2015.01.09 17:12:28 Todo jweiss E_18100 ANIM 
2015.01.09 17:13:01 Todo jweiss E_18100 ANIM 
2015.01.09 17:14:20 Todo jweiss E_18100 ANIM 
2015.01.09 17:14:31 Todo jweiss E_18100 ANIM 
2015.01.09 17:14:41 Todo jweiss E_18100 ANIM 
2015.01.09 17:15:31 Todo jweiss E_18100 ANIM 
2015.01.09 17:15:42 Todo jweiss E_18100 ANIM 
2015.01.09 17:16:02 Todo jweiss E_18100 ANIM 
2015.01.09 17:16:17 Todo jweiss E_18100 ANIM 
2015.01.09 17:16:44 Todo jweiss E_18100 ANIM 
2015.01.09 17:16:57 Todo jweiss E_18100 ANIM 
2015.01.09 17:18:21 Todo jweiss E_18100 ANIM 
2015.01.09 17:18:25 Todo jweiss E_18100 ANIM 
2015.01.09 17:19:14 Todo jweiss E_18100 ANIM 
2015.01.09 17:21:14 Status jweiss A_04710 COMP 0.5
2015.01.09 17:23:20 Todo jweiss A_04710 COMP 
2015.01.09 17:23:34 Todo jweiss A_04710 COMP 
2015.01.09 17:41:06 Status jweiss A_01200 TRACK 
2015.01.09 17:41:10 Status jweiss A_01200 TRACK 1
2015.01.09 20:07:10 Todo jweiss E_18100 ANIM 
2015.01.11 20:55:31 Status ffricke E_18400 SIM 0.5
2015.01.12 11:40:36 Todo mlapp E_18100 ANIM 
2015.01.12 11:40:50 Todo mlapp E_18100 ANIM 
2015.01.12 11:49:12 Todo mlapp E_18100 ANIM 
2015.01.12 11:52:22 Todo mlapp E_18100 ANIM 
2015.01.12 13:39:36 Todo mlapp E_18100 ANIM 
2015.01.12 14:17:57 Todo jweiss E_18100 COMP 
2015.01.12 14:18:08 Todo jweiss E_18100 COMP 
2015.01.12 14:37:28 Todo jweiss A_00600 COMP 
2015.01.12 14:38:47 Todo jweiss A_00500 COMP 
2015.01.12 16:43:53 Todo jweiss E_18100 ANIM 
2015.01.12 16:45:08 Todo jweiss E_18100 ANIM 
2015.01.12 16:45:26 Todo jweiss E_18100 ANIM 
2015.01.12 16:47:03 Todo jweiss E_18100 ANIM 
2015.01.12 16:47:53 Todo jweiss E_18100 ANIM 
2015.01.12 16:48:11 Todo jweiss E_18100 ANIM 
2015.01.12 16:48:25 Todo jweiss E_18100 ANIM 
2015.01.12 16:48:43 Todo jweiss E_18100 ANIM 
2015.01.12 16:49:00 Todo jweiss E_18100 ANIM 
2015.01.12 16:49:55 Todo jweiss E_18100 ANIM 
2015.01.12 16:50:09 Todo jweiss E_18100 ANIM 
2015.01.12 16:50:48 Todo jweiss E_18100 ANIM 
2015.01.12 16:50:53 Todo jweiss E_18100 ANIM 
2015.01.12 16:53:56 Todo jweiss E_18100 ANIM 
2015.01.12 16:55:21 Todo jweiss E_18100 ANIM 
2015.01.12 17:00:35 Todo mlapp E_18100 ANIM 
2015.01.12 17:07:53 Todo mlapp E_18100 ANIM 
2015.01.12 17:10:49 Todo mlapp E_18100 ANIM 
2015.01.12 17:14:43 Todo mlapp E_18100 ANIM 
2015.01.12 17:15:34 Todo mlapp E_18100 ANIM 
2015.01.12 17:16:57 Todo mlapp E_18100 ANIM 
2015.01.12 17:18:01 Todo mlapp E_18100 ANIM 
2015.01.12 17:23:02 Todo mlapp E_18100 ANIM 
2015.01.12 17:42:28 Todo mlapp E_18100 ANIM 
2015.01.12 17:46:11 Todo mlapp E_18100 ANIM 
2015.01.12 18:11:28 Todo mlapp E_18100 ANIM 
2015.01.12 21:53:51 Todo jweiss A_00100 COMP 
2015.01.12 22:02:44 Todo jweiss A_00700 COMP 
2015.01.12 22:05:38 Todo jweiss A_01200 COMP 
2015.01.12 22:06:43 Todo jweiss A_02400 COMP 
2015.01.12 22:07:35 Todo jweiss A_02600 COMP 
2015.01.12 22:08:33 Todo jweiss A_04410 COMP 
2015.01.12 22:09:00 Todo jweiss A_04410 COMP 
2015.01.12 22:13:04 Todo jweiss A_04710 COMP 
2015.01.12 22:14:59 Todo jweiss A_00100 COMP 
2015.01.12 22:15:15 Todo jweiss A_00200 COMP 
2015.01.12 22:15:21 Todo jweiss A_00100 COMP 
2015.01.12 22:15:57 Todo jweiss A_00300 COMP 
2015.01.12 22:16:44 Todo jweiss A_00500 COMP 
2015.01.12 22:17:03 Todo jweiss A_00600 COMP 
2015.01.12 22:17:17 Todo jweiss A_01200 COMP 
2015.01.13 01:33:38 Todo vullmann A_02200 COMP 
2015.01.12 22:17:56 Status jweiss A_02200 COMP 
2015.01.12 22:35:24 Todo jweiss A_00700 COMP 
2015.01.13 00:56:17 Todo jweiss A_00100 COMP 
2015.01.13 00:58:24 Todo jweiss A_00100 COMP 
2015.01.13 01:00:22 Todo jweiss A_00100 COMP 
2015.01.13 01:00:40 Todo jweiss A_00100 COMP 
2015.01.13 01:01:12 Todo jweiss A_00100 COMP 
2015.01.13 01:02:42 Todo jweiss A_00100 COMP 
2015.01.13 01:03:05 Todo jweiss A_00100 COMP 
2015.01.13 01:04:09 Todo jweiss A_00200 COMP 
2015.01.13 01:04:32 Todo jweiss A_00200 COMP 
2015.01.13 01:04:54 Todo jweiss A_00200 COMP 
2015.01.13 01:05:27 Todo jweiss A_00200 COMP 
2015.01.13 01:06:15 Todo jweiss A_00600 COMP 
2015.01.13 01:06:38 Todo jweiss A_00300 COMP 
2015.01.13 01:07:31 Todo jweiss A_00300 COMP 
2015.01.13 01:07:43 Todo jweiss A_00500 COMP 
2015.01.13 01:07:48 Todo jweiss A_00500 COMP 
2015.01.13 01:08:14 Todo jweiss A_00500 COMP 
2015.01.13 01:08:20 Todo jweiss A_00600 COMP 
2015.01.13 01:09:22 Todo jweiss A_00600 COMP 
2015.01.13 01:09:29 Status jweiss A_00100 COMP 0.75
2015.01.13 01:09:34 Status jweiss A_00100 COMP 0.5
2015.01.13 01:10:26 Todo jweiss A_00700 COMP 
2015.01.13 01:11:00 Todo jweiss A_00700 COMP 
2015.01.13 01:16:03 Todo jweiss A_00700 COMP 
2015.01.13 01:18:10 Todo jweiss A_01200 COMP 
2015.01.13 01:24:01 Todo jweiss A_02400 COMP 
2015.01.13 01:24:21 Todo jweiss A_02600 COMP 
2015.01.13 01:24:46 Todo jweiss A_04600 COMP 
2015.01.13 01:24:55 Todo jweiss A_04600 COMP 
2015.01.13 01:26:33 Todo jweiss A_04710 COMP 
2015.01.13 01:34:59 Status vullmann A_02200 COMP 
2015.01.13 02:04:33 Status jweiss A_02200 COMP 
2015.01.13 02:04:58 Todo jweiss A_04600 COMP 
2015.01.13 11:02:00 Todo mlapp A_00200 COMP 
2015.01.13 11:03:39 Todo mlapp A_00500 COMP 
2015.01.13 11:05:35 Todo mlapp A_00700 COMP 
2015.01.13 11:08:03 Todo mlapp A_02600 COMP 
2015.01.13 11:09:13 Todo mlapp A_04710 COMP 
2015.01.13 11:10:58 Todo mlapp A_04710 COMP 
2015.01.13 11:31:48 Todo mlapp A_00100 COMP 
2015.01.13 11:50:12 Todo mlapp A_00100 COMP 
2015.01.13 12:46:25 Todo mlapp A_00100 COMP 
2015.01.13 12:55:35 Todo mlapp A_00100 COMP 
2015.01.13 13:03:01 Todo mlapp A_00100 COMP 
2015.01.13 13:12:45 Todo mlapp A_00100 COMP 
2015.01.13 14:28:28 Todo mlapp A_00200 COMP 
2015.01.13 14:42:31 Todo mlapp A_00200 COMP 
2015.01.13 15:00:31 Todo mlapp A_00500 COMP 
2015.01.13 15:02:24 Todo mlapp A_00600 COMP 
2015.01.13 15:02:33 Todo mlapp A_00500 COMP 
2015.01.13 15:02:40 Status mlapp A_00300 COMP 0.75
2015.01.13 15:02:44 Status mlapp A_00200 COMP 0.75
2015.01.13 15:02:46 Status mlapp A_00100 COMP 0.75
2015.01.13 15:03:05 Status mlapp A_00100 COMP 0.5
2015.01.13 15:03:22 Status mlapp A_00500 COMP 0.75
2015.01.13 15:03:29 Status mlapp A_00600 COMP 0.75
2015.01.13 15:35:43 Todo jweiss C_07900 COMP 
2015.01.13 15:36:47 Todo jweiss A_02100 COMP 
2015.01.13 15:38:04 Todo jweiss A_04500 COMP 
2015.01.13 15:38:46 Todo jweiss A_04600 COMP 
2015.01.13 15:42:32 Todo jweiss C_08800 COMP 
2015.01.13 15:46:19 Todo jweiss F_20500 COMP 
2015.01.13 15:46:55 Todo jweiss F_23330 COMP 
2015.01.13 15:54:56 Todo mlapp A_00700 COMP 
2015.01.13 16:24:09 Todo mlapp A_00700 COMP 
2015.01.13 16:24:45 Todo mlapp A_00700 COMP 
2015.01.13 16:34:48 Todo mlapp A_00700 COMP 
2015.01.13 16:51:03 Todo jweiss A_00100 COMP 
2015.01.13 17:50:07 Todo mlapp A_02400 COMP 
2015.01.13 17:57:40 Status vullmann Z_90100 COMP 0.75
2015.01.13 17:57:42 Status vullmann Z_90100 COMP 1
2015.01.13 17:57:47 Status vullmann Z_90100 COMP 
2015.01.13 17:57:49 Status vullmann Z_90100 COMP 0
2015.01.13 18:27:38 Todo mlapp A_04710 COMP 
2015.01.13 18:45:54 Status vullmann Z_90100 TRACK 0.75
2015.01.13 18:45:56 Status vullmann Z_90100 MATTEPAINT 0.75
2015.01.13 18:45:58 Status vullmann Z_90100 3D 0.75
2015.01.13 18:45:59 Status vullmann Z_90100 ANIM 0.75
2015.01.13 18:46:03 Status vullmann Z_90100 LIGHT 0.75
2015.01.13 18:46:00 Status vullmann Z_90100 SIM 0.75
2015.01.13 18:46:01 Status vullmann Z_90100 SFS 0.75
2015.01.13 18:46:04 Status vullmann Z_90100 SLAPCOMP 0.75
2015.01.13 18:46:05 Status vullmann Z_90100 COMP 0.75
2015.01.13 18:46:12 Status vullmann Z_90100 SIM 0
2015.01.13 18:46:13 Status vullmann Z_90100 SFS 0
2015.01.13 18:46:15 Status jweiss Z_90100 ANIM 0.75
2015.01.13 18:46:18 Status jweiss Z_90100 LIGHT 0.5
2015.01.13 18:46:21 Status jweiss Z_90100 ANIM 
2015.01.13 18:46:24 Status jweiss Z_90100 MATTEPAINT 0.5
2015.01.13 18:46:16 Status jweiss Z_90100 SIM 1
2015.01.13 18:46:19 Status jweiss Z_90100 SFS 0
2015.01.13 18:46:22 Status jweiss Z_90100 3D 1
2015.01.13 18:46:37 Status vullmann A_00100 COMP 0.5
2015.01.13 18:46:30 Status jweiss A_00100 COMP 0.75
2015.01.13 18:47:16 Todo mlapp A_04600 COMP 
2015.01.13 18:47:32 Todo mlapp A_00100 COMP 
2015.01.13 18:47:38 Todo mlapp A_00200 COMP 
2015.01.13 18:47:41 Todo mlapp A_00300 COMP 
2015.01.13 18:47:45 Todo mlapp A_00500 COMP 
2015.01.13 18:48:08 Todo mlapp A_00700 COMP 
2015.01.13 18:48:21 Todo mlapp A_02600 COMP 
2015.01.13 19:04:24 Status plames A_00100 COMP 0.75
2015.01.13 19:05:10 Status jweiss A_00100 COMP 0.5
2015.01.14 02:16:18 Todo jweiss A_00100 COMP 
2015.01.14 09:39:46 Status jweiss A_00200 COMP 1
2015.01.14 09:41:02 Status jweiss A_00300 COMP 1
2015.01.14 09:41:57 Todo jweiss A_00500 COMP 
2015.01.14 09:42:01 Status jweiss A_00500 COMP 1
2015.01.14 09:42:14 Todo jweiss A_00600 COMP 
2015.01.14 09:42:18 Status jweiss A_00600 COMP 1
2015.01.14 09:42:28 Status jweiss A_00700 COMP 1
2015.01.14 09:42:33 Todo jweiss A_00700 COMP 
2015.01.14 09:46:45 Todo jweiss A_01200 COMP 
2015.01.14 09:48:59 Todo jweiss A_02400 COMP 
2015.01.14 09:49:13 Todo jweiss A_02400 COMP 
2015.01.14 09:49:47 Status jweiss A_02600 COMP 1
2015.01.14 09:52:04 Todo jweiss A_04600 COMP 
2015.01.14 09:54:59 Todo jweiss A_04710 COMP 
2015.01.14 09:55:08 Todo jweiss A_04600 COMP 
2015.01.14 10:20:36 Todo jweiss A_04300 COMP 
2015.01.14 10:20:51 Todo jweiss A_04300 COMP 
2015.01.14 10:21:04 Todo jweiss C_07900 COMP 
2015.01.14 10:25:06 Status jweiss F_24300 MATTEPAINT 
2015.01.14 11:20:11 Status jweiss C_07820 COMP 0
2015.01.14 11:20:24 Todo jweiss C_07820 COMP 
2015.01.14 11:21:39 Todo jweiss C_07820 COMP 
2015.01.14 11:23:51 Todo jweiss F_23330 COMP 
2015.01.14 11:49:30 Todo tmueller C_08800 COMP 
2015.01.14 12:27:02 Todo tmueller E_16100 COMP 
2015.01.14 13:20:16 Status jweiss A_00700 COMP 0.5
2015.01.14 13:20:26 Todo jweiss A_00700 COMP 
2015.01.14 13:31:13 Todo jweiss A_01200 COMP 
2015.01.14 13:34:05 Todo jweiss A_01200 COMP 
2015.01.14 13:41:55 Todo jweiss A_02400 COMP 
2015.01.14 13:42:04 Status jweiss A_04600 COMP 1
2015.01.14 13:42:09 Status jweiss A_04710 COMP 1
2015.01.14 13:42:13 Todo jweiss A_04710 COMP 
2015.01.14 13:42:42 Status jweiss A_00100 ANIM 1
2015.01.14 13:42:44 Status jweiss A_00100 LIGHT 1
2015.01.14 13:42:47 Status jweiss A_00200 LIGHT 1
2015.01.14 13:42:49 Status jweiss A_00100 COMP 1
2015.01.14 13:43:41 Status jweiss E_18100 ANIM 1
2015.01.14 13:50:13 Todo jweiss E_18100 COMP 
2015.01.14 13:51:39 Status jweiss E_18300 TRACK 1
2015.01.14 13:51:56 Todo jweiss E_18300 TRACK 
2015.01.14 13:53:19 Status jweiss E_18700 TRACK 0.5
2015.01.14 16:39:03 Todo jweiss A_00700 COMP 
2015.01.14 16:39:06 Status jweiss A_00700 COMP 1
2015.01.14 16:40:07 Status jweiss A_01200 COMP 1
2015.01.14 16:40:53 Status jweiss A_02400 COMP 1
2015.01.14 20:00:58 Status mlapp Z_90200 TRACK 0.75
2015.01.14 20:01:00 Status mlapp Z_90200 MATTEPAINT 0.75
2015.01.14 20:01:02 Status mlapp Z_90200 3D 0.75
2015.01.14 20:01:08 Status mlapp Z_90200 COMP 0.75
2015.01.14 20:01:03 Status mlapp Z_90200 ANIM 0.75
2015.01.14 20:01:04 Status mlapp Z_90200 SFS 0.75
2015.01.14 20:01:06 Status mlapp Z_90200 LIGHT 0.75
2015.01.16 00:09:32 Todo jweiss E_18700 COMP 
2015.01.16 14:27:05 Todo jweiss E_18300 COMP 
2015.01.16 21:20:23 Status vullmann A_00100 3D 1
2015.01.16 21:20:32 Status vullmann A_00200 3D 1
2015.01.16 21:20:44 Status vullmann A_00300 3D 1
2015.01.16 21:20:46 Status vullmann A_00100 3D 0.75
2015.01.16 21:20:48 Status vullmann A_00200 3D 0.75
2015.01.16 21:20:49 Status vullmann A_00300 3D 0.75
2015.01.16 21:21:09 Status vullmann A_02400 3D 0.75
2015.01.16 21:21:41 Status vullmann A_04600 3D 0.75
2015.01.16 21:22:10 Status vullmann E_18100 3D 0.75
2015.01.16 21:23:16 Status vullmann F_27600 ANIM 0
2015.01.16 21:23:18 Status vullmann F_27600 3D 0.75
2015.01.16 21:28:01 Status jweiss A_00100 3D 1
2015.01.16 21:28:03 Status jweiss A_00200 3D 1
2015.01.16 21:28:05 Status jweiss A_00300 3D 1
2015.01.16 21:28:07 Status jweiss A_02400 3D 1
2015.01.16 21:28:08 Status jweiss A_04600 3D 1
2015.01.16 21:39:18 Status vullmann A_00200 TRACK 0.75
2015.01.17 17:52:36 Status jweiss E_18100 3D 0.5
2015.01.18 00:36:31 Status jweiss F_24510 COMP 0.5
2015.01.18 15:23:12 Todo jweiss F_23910 COMP 
2015.01.18 15:23:20 Todo jweiss F_23900 COMP 
2015.01.18 16:13:26 Todo jweiss F_24900 COMP 
2015.01.18 16:13:33 Todo jweiss F_24900 COMP 
2015.01.18 15:23:39 Todo jweiss F_23710 COMP 
2015.01.18 15:23:58 Todo jweiss F_23700 COMP 
2015.01.19 21:52:33 Status jweiss A_02100 COMP 0.75
2015.01.19 21:59:48 Status jweiss A_04300 COMP 0.75
2015.01.19 22:09:06 Status jweiss B_07300 COMP 0.75
2015.01.19 22:09:09 Status jweiss A_05000 COMP 0.75
2015.01.18 15:24:17 Todo jweiss F_23310 COMP 
2015.01.18 16:18:30 Todo jweiss F_24900 COMP 
2015.01.18 21:07:42 Todo jweiss E_18800 COMP 
2015.01.19 22:10:28 Status jweiss C_08800 COMP 0.75
2015.01.20 11:09:12 Status jweiss C_10400 COMP 0.75
2015.01.20 22:59:27 Status jweiss E_18700 COMP 0.5
2015.01.20 11:15:23 Status jweiss F_20500 COMP 0.75
2015.01.20 12:14:01 Status jweiss C_07820 COMP 1
2015.01.20 11:54:53 Status jweiss F_23330 COMP 0.75
2015.01.20 11:15:10 Status jweiss F_19000 COMP 0.75
2015.01.20 22:59:48 Status jweiss E_18800 TRACK 1
2015.01.20 22:59:45 Status jweiss E_18700 TRACK 1
2015.01.20 22:59:38 Status jweiss E_18700 SIM 0.5
2015.01.20 11:56:12 Status jweiss C_07900 COMP 0.75
2015.01.20 11:32:49 Status jweiss F_22310 COMP 0.75
2015.01.21 00:50:07 Status ffricke E_18600 SIM 0.5
2015.01.21 00:50:09 Status ffricke E_18600 3D 0.5
2015.01.22 16:47:53 Status jweiss F_27600 ANIM 0.5
2015.01.22 16:47:51 Status jweiss F_27600 3D 0.5
2015.01.22 14:11:24 Status plames E_18300 COMP 0.5
2015.01.23 21:58:53 Status vullmann F_27600 LIGHT 0.5
2015.01.24 15:28:46 Status jweiss E_18500 COMP 0.5
2015.01.24 21:35:42 Todo jweiss F_23700 COMP 
2015.01.26 15:30:07 Status tmueller E_16100 COMP 0.75
2015.01.27 15:00:33 Status jweiss E_18600 COMP 0.5
2015.01.27 18:08:31 Status jweiss F_23310 COMP 0.5
2015.01.27 21:07:37 Todo jweiss A_00100 ANIM 
2015.01.27 21:07:43 Todo jweiss A_00200 ANIM 
2015.01.27 21:08:06 Todo jweiss A_04300 ANIM 
2015.01.28 00:11:47 Status vullmann E_18400 SFS 1
2015.01.28 00:11:49 Status vullmann E_18600 SFS 1
2015.01.28 00:12:51 Status vullmann Z_90100 SFS 1
2015.01.28 00:12:53 Status vullmann Z_90200 SFS 1
2015.01.28 23:30:03 Status jweiss A_02100 COMP 0.5
2015.01.28 23:30:06 Status jweiss A_02100 COMP 0
2015.01.28 23:30:23 Status jweiss A_05000 COMP 0
2015.01.28 23:30:30 Status jweiss C_07900 COMP 0
2015.01.28 23:30:11 Status jweiss A_04410 COMP 0.75
2015.01.28 23:30:15 Status jweiss A_04300 COMP 0
2015.01.28 23:30:26 Status jweiss B_07300 COMP 0
2015.01.28 23:30:32 Status jweiss C_08800 COMP 0
2015.01.28 23:30:46 Status jweiss F_22310 COMP 0
2015.01.28 23:30:34 Status jweiss C_10400 COMP 0
2015.01.28 23:30:42 Status jweiss F_19000 COMP 0
2015.01.28 23:30:44 Status jweiss F_20500 COMP 0
2015.01.28 23:30:57 Status jweiss A_04410 COMP 0.5
2015.01.28 23:30:48 Status jweiss F_23330 COMP 0
2015.01.28 23:44:03 Todo jweiss A_04410 COMP 
2015.01.29 00:28:31 Status jweiss A_04410 COMP 1
2015.01.29 00:28:57 Todo jweiss A_04410 COMP 
2015.01.30 19:07:46 Todo jweiss E_18700 COMP 
2015.01.30 17:45:29 Todo ffricke E_18400 ANIM 
2015.01.30 17:45:42 Todo ffricke E_18400 ANIM 
2015.01.30 18:07:36 Todo jweiss E_18600 LIGHT 
2015.01.30 17:49:34 Todo ffricke E_18400 ANIM 
2015.01.30 18:08:06 Todo jweiss E_18600 LIGHT 
2015.01.30 23:32:25 Status vullmann E_18400 LIGHT 0.75
2015.01.30 23:32:23 Status vullmann E_18600 LIGHT 0.75
2015.01.30 23:32:19 Status vullmann E_18100 LIGHT 0.75
2015.01.30 18:07:41 Todo jweiss E_18600 LIGHT 
2015.01.30 17:49:19 Todo ffricke E_18400 ANIM 
2015.01.30 23:36:02 Status vullmann E_18100 LIGHT 0.5
2015.01.31 15:41:32 Status jweiss E_18800 COMP 0.5
2015.01.31 16:18:30 Status jweiss E_18800 COMP 0
2015.01.31 16:18:25 Status jweiss E_18800 COMP 0.5
2015.01.31 16:18:18 Todo vullmann E_18400 LIGHT 
2015.01.31 16:18:11 Status vullmann E_18400 LIGHT 0.5
2015.01.31 15:41:36 Status jweiss E_18800 COMP 0
2015.02.03 14:21:50 Status jweiss E_18800 COMP 0.5
2015.02.05 00:31:37 Status vullmann E_18600 LIGHT 0.75
2015.02.05 00:31:33 Status jweiss E_18600 LIGHT 0.5
2015.02.05 00:31:44 Status vullmann E_18600 LIGHT 1
2015.02.09 03:13:59 Status jweiss E_16100 COMP 0
2015.02.09 03:14:29 Todo jweiss A_04500 COMP 
2015.02.09 03:15:33 Todo jweiss F_23700 COMP 
2015.02.11 22:56:15 Todo jweiss E_18700 COMP 
2015.02.12 00:23:12 Status ffricke F_23700 SLAPCOMP 0.5
2015.02.15 00:45:39 Todo jweiss F_23720 SIM 
2015.02.15 00:47:03 Todo jweiss F_23720 SIM 
2015.02.18 16:47:46 Status jweiss F_27600 COMP 0.5
2015.02.19 17:17:52 Todo jweiss E_18700 COMP 
2015.02.19 18:21:46 Status jweiss F_23600 COMP 0.5
2015.02.19 18:22:26 Status jweiss E_18100 3D 1
2015.02.19 19:48:00 Todo jweiss F_23720 COMP 
2015.02.20 18:29:34 Status jweiss D_12510 COMP 0.5
2015.02.20 18:29:42 Status jweiss D_13300 COMP 0.5
2015.02.20 18:29:46 Status jweiss D_13400 COMP 0.5
2015.02.21 19:31:56 Status jweiss A_02100 COMP 0.5
2015.02.21 19:31:53 Status jweiss C_10400 COMP 0.5
2015.02.21 19:31:54 Status jweiss A_02100 COMP 0
2015.02.21 19:32:38 Todo jweiss E_18100 COMP 
2015.02.21 20:41:49 Todo jweiss A_04500 COMP 
2015.02.24 03:34:00 Status vullmann Z_90100 ANIM 0
2015.02.24 22:39:49 Todo jweiss F_23800 COMP 
2015.02.24 23:54:02 Status jweiss F_23900 COMP 0.5
2015.02.24 23:54:06 Status jweiss F_23910 COMP 0.5
2015.02.25 14:14:18 Status mlapp E_18500 ANIM 0.75
2015.02.25 15:06:03 Status jweiss F_23720 COMP 0.5
2015.02.25 15:06:07 Status jweiss F_23710 COMP 0.5
2015.02.25 15:06:15 Status jweiss A_00200 TRACK 1
2015.02.25 15:06:23 Status jweiss E_18500 ANIM 1
2015.02.25 23:11:25 Status jweiss A_02100 COMP 0.5
2015.02.26 16:16:23 Status ffricke E_18200 SIM 
2015.02.26 22:10:23 Status vullmann F_23720 LIGHT 0.5
2015.02.27 16:23:51 Todo jtegethoff E_18600 ANIM 
2015.02.27 15:26:16 Todo jweiss E_18600 ANIM 
2015.02.27 17:46:01 Todo jtegethoff E_18600 ANIM 
2015.02.27 17:24:25 Todo jtegethoff E_18600 ANIM 
2015.02.27 17:38:06 Todo jtegethoff E_18600 ANIM 
2015.02.27 17:17:11 Todo jtegethoff E_18600 ANIM 
2015.02.27 17:27:07 Todo jtegethoff E_18600 ANIM 
2015.02.28 22:21:36 Status jweiss A_01600 COMP 0.75
2015.02.28 22:21:37 Status jweiss A_01600 COMP 1
2015.02.28 15:28:47 Status jweiss C_07820 COMP 0.5
2015.02.28 15:28:36 Status jweiss C_07900 COMP 0.5
2015.02.28 19:10:30 Status vullmann E_18600 LIGHT 0.5
2015.03.01 22:37:32 Status vullmann Z_90200 TRACK 0.75
2015.03.01 22:37:36 Status vullmann Z_90200 TRACK 0.5
2015.03.01 22:37:37 Status vullmann Z_90200 TRACK 0.75
2015.03.01 23:24:29 Status vullmann Z_90100 SFS 0.5
2015.03.01 23:26:52 Status vullmann Z_90200 TRACK 0
2015.03.01 23:26:54 Status vullmann Z_90200 MATTEPAINT 0
2015.03.02 01:23:27 Status vullmann Z_90200 SFS 0
2015.03.02 01:23:39 Status vullmann Z_90200 SIM 0.75
2015.03.02 01:24:10 Status vullmann Z_90200 MATTEPAINT 0.75
2015.03.02 01:27:53 Status vullmann Z_90100 3D 0
2015.03.02 01:28:11 Status vullmann Z_90200 3D 0.5
2015.03.02 01:29:59 Status vullmann Z_90100 3D 0
2015.03.02 01:30:01 Status vullmann Z_90100 3D 0.75
2015.03.02 01:30:03 Status vullmann Z_90100 3D 1
2015.03.02 01:30:06 Status vullmann Z_90100 3D 0.5
2015.03.02 01:30:10 Status vullmann Z_90100 TRACK 0.75
2015.03.02 01:30:12 Status vullmann Z_90100 MATTEPAINT 0
2015.03.02 01:30:13 Status vullmann Z_90100 MATTEPAINT 
2015.03.02 01:30:15 Status vullmann Z_90100 MATTEPAINT 0.75
2015.03.02 01:30:51 Status vullmann Z_90200 3D 0.5
2015.03.02 01:30:57 Status vullmann Z_90200 ANIM 1
2015.03.02 01:31:03 Status vullmann Z_90200 TRACK 0.5
2015.03.02 01:31:09 Status vullmann Z_90200 COMP 0.5
2015.03.02 01:31:23 Status vullmann Z_90200 MATTEPAINT 0
2015.03.02 01:31:26 Status vullmann Z_90200 3D 0.75
2015.03.02 01:31:27 Status vullmann Z_90200 MATTEPAINT 0.75
2015.03.02 01:31:28 Status vullmann Z_90200 3D 0.5
2015.03.02 01:32:10 Status vullmann Z_90200 MATTEPAINT 0
2015.03.02 01:32:13 Status vullmann Z_90200 LIGHT 1
2015.03.02 01:32:22 Status vullmann Z_90200 MATTEPAINT 0.75
2015.03.02 01:32:25 Status vullmann Z_90200 3D 0.5
2015.03.02 01:32:27 Status vullmann Z_90200 ANIM 1
2015.03.02 01:41:54 Status vullmann Z_90200 MATTEPAINT 0
2015.03.02 01:41:57 Status vullmann Z_90200 MATTEPAINT 
2015.03.02 01:41:58 Status vullmann Z_90200 MATTEPAINT 1
2015.03.02 01:42:00 Status vullmann Z_90200 MATTEPAINT 1
